This file contains any messages produced by compilers while
running configure, to aid debugging if configure makes a mistake.

It was created by Paol-Threads configure 2.0, which was
generated by GNU Autoconf 2.65.  Invocation command line was

  $ ./configure 

## --------- ##
## Platform. ##
## --------- ##

hostname = bigred
uname -m = x86_64
uname -r = 2.6.32-39-generic
uname -s = Linux
uname -v = #86-Ubuntu SMP Mon Feb 13 21:50:08 UTC 2012

/usr/bin/uname -p = unknown
/bin/uname -X     = unknown

/bin/arch              = unknown
/usr/bin/arch -k       = unknown
/usr/convex/getsysinfo = unknown
/usr/bin/hostinfo      = unknown
/bin/machine           = unknown
/usr/bin/oslevel       = unknown
/bin/universe          = unknown

PATH: /usr/local/sbin
PATH: /usr/local/bin
PATH: /usr/sbin
PATH: /usr/bin
PATH: /sbin
PATH: /bin
PATH: /usr/games


## ----------- ##
## Core tests. ##
## ----------- ##

configure:2229: checking for g++
configure:2245: found /usr/bin/g++
configure:2256: result: g++
configure:2283: checking for C++ compiler version
configure:2292: g++ --version >&5
g++ (Ubuntu 4.4.3-4ubuntu5) 4.4.3
Copyright (C) 2009 Free Software Foundation, Inc.
This is free software; see the source for copying conditions.  There is NO
warranty; not even for MERCHANTABILITY or FITNESS FOR A PARTICULAR PURPOSE.

configure:2303: $? = 0
configure:2292: g++ -v >&5
Using built-in specs.
Target: x86_64-linux-gnu
Configured with: ../src/configure -v --with-pkgversion='Ubuntu 4.4.3-4ubuntu5' --with-bugurl=file:///usr/share/doc/gcc-4.4/README.Bugs --enable-languages=c,c++,fortran,objc,obj-c++ --prefix=/usr --enable-shared --enable-multiarch --enable-linker-build-id --with-system-zlib --libexecdir=/usr/lib --without-included-gettext --enable-threads=posix --with-gxx-include-dir=/usr/include/c++/4.4 --program-suffix=-4.4 --enable-nls --enable-clocale=gnu --enable-libstdcxx-debug --enable-plugin --enable-objc-gc --disable-werror --with-arch-32=i486 --with-tune=generic --enable-checking=release --build=x86_64-linux-gnu --host=x86_64-linux-gnu --target=x86_64-linux-gnu
Thread model: posix
gcc version 4.4.3 (Ubuntu 4.4.3-4ubuntu5) 
configure:2303: $? = 0
configure:2292: g++ -V >&5
g++: '-V' option must have argument
configure:2303: $? = 1
configure:2292: g++ -qversion >&5
g++: unrecognized option '-qversion'
g++: no input files
configure:2303: $? = 1
configure:2323: checking whether the C++ compiler works
configure:2345: g++    conftest.cpp  >&5
configure:2349: $? = 0
configure:2398: result: yes
configure:2401: checking for C++ compiler default output file name
configure:2403: result: a.out
configure:2409: checking for suffix of executables
configure:2416: g++ -o conftest    conftest.cpp  >&5
configure:2420: $? = 0
configure:2442: result: 
configure:2464: checking whether we are cross compiling
configure:2472: g++ -o conftest    conftest.cpp  >&5
configure:2476: $? = 0
configure:2483: ./conftest
configure:2487: $? = 0
configure:2502: result: no
configure:2507: checking for suffix of object files
configure:2529: g++ -c   conftest.cpp >&5
configure:2533: $? = 0
configure:2554: result: o
configure:2558: checking whether we are using the GNU C++ compiler
configure:2577: g++ -c   conftest.cpp >&5
configure:2577: $? = 0
configure:2586: result: yes
configure:2595: checking whether g++ accepts -g
configure:2615: g++ -c -g  conftest.cpp >&5
configure:2615: $? = 0
configure:2656: result: yes
configure:2727: checking for gcc
configure:2743: found /usr/bin/gcc
configure:2754: result: gcc
configure:2983: checking for C compiler version
configure:2992: gcc --version >&5
gcc (Ubuntu 4.4.3-4ubuntu5) 4.4.3
Copyright (C) 2009 Free Software Foundation, Inc.
This is free software; see the source for copying conditions.  There is NO
warranty; not even for MERCHANTABILITY or FITNESS FOR A PARTICULAR PURPOSE.

configure:3003: $? = 0
configure:2992: gcc -v >&5
Using built-in specs.
Target: x86_64-linux-gnu
Configured with: ../src/configure -v --with-pkgversion='Ubuntu 4.4.3-4ubuntu5' --with-bugurl=file:///usr/share/doc/gcc-4.4/README.Bugs --enable-languages=c,c++,fortran,objc,obj-c++ --prefix=/usr --enable-shared --enable-multiarch --enable-linker-build-id --with-system-zlib --libexecdir=/usr/lib --without-included-gettext --enable-threads=posix --with-gxx-include-dir=/usr/include/c++/4.4 --program-suffix=-4.4 --enable-nls --enable-clocale=gnu --enable-libstdcxx-debug --enable-plugin --enable-objc-gc --disable-werror --with-arch-32=i486 --with-tune=generic --enable-checking=release --build=x86_64-linux-gnu --host=x86_64-linux-gnu --target=x86_64-linux-gnu
Thread model: posix
gcc version 4.4.3 (Ubuntu 4.4.3-4ubuntu5) 
configure:3003: $? = 0
configure:2992: gcc -V >&5
gcc: '-V' option must have argument
configure:3003: $? = 1
configure:2992: gcc -qversion >&5
gcc: unrecognized option '-qversion'
gcc: no input files
configure:3003: $? = 1
configure:3007: checking whether we are using the GNU C compiler
configure:3026: gcc -c   conftest.c >&5
configure:3026: $? = 0
configure:3035: result: yes
configure:3044: checking whether gcc accepts -g
configure:3064: gcc -c -g  conftest.c >&5
configure:3064: $? = 0
configure:3105: result: yes
configure:3122: checking for gcc option to accept ISO C89
configure:3186: gcc  -c -g -O2  conftest.c >&5
configure:3186: $? = 0
configure:3199: result: none needed
configure:3256: checking for a BSD-compatible install
configure:3324: result: /usr/bin/install -c
configure:3378: checking for ranlib
configure:3394: found /usr/bin/ranlib
configure:3405: result: ranlib
configure:3437: checking how to run the C preprocessor
configure:3468: gcc -E  conftest.c
configure:3468: $? = 0
configure:3482: gcc -E  conftest.c
conftest.c:9:28: error: ac_nonexistent.h: No such file or directory
configure:3482: $? = 1
configure: failed program was:
| /* confdefs.h */
| #define PACKAGE_NAME "Paol-Threads"
| #define PACKAGE_TARNAME "paol-threads"
| #define PACKAGE_VERSION "2.0"
| #define PACKAGE_STRING "Paol-Threads 2.0"
| #define PACKAGE_BUGREPORT "BUG-REPORT-ADDRESS"
| #define PACKAGE_URL ""
| /* end confdefs.h.  */
| #include <ac_nonexistent.h>
configure:3507: result: gcc -E
configure:3527: gcc -E  conftest.c
configure:3527: $? = 0
configure:3541: gcc -E  conftest.c
conftest.c:9:28: error: ac_nonexistent.h: No such file or directory
configure:3541: $? = 1
configure: failed program was:
| /* confdefs.h */
| #define PACKAGE_NAME "Paol-Threads"
| #define PACKAGE_TARNAME "paol-threads"
| #define PACKAGE_VERSION "2.0"
| #define PACKAGE_STRING "Paol-Threads 2.0"
| #define PACKAGE_BUGREPORT "BUG-REPORT-ADDRESS"
| #define PACKAGE_URL ""
| /* end confdefs.h.  */
| #include <ac_nonexistent.h>
configure:3570: checking for grep that handles long lines and -e
configure:3628: result: /bin/grep
configure:3633: checking for egrep
configure:3695: result: /bin/grep -E
configure:3700: checking for ANSI C header files
configure:3720: gcc -c -g -O2  conftest.c >&5
configure:3720: $? = 0
configure:3793: gcc -o conftest -g -O2   conftest.c  >&5
configure:3793: $? = 0
configure:3793: ./conftest
configure:3793: $? = 0
configure:3804: result: yes
configure:3817: checking for sys/types.h
configure:3817: gcc -c -g -O2  conftest.c >&5
configure:3817: $? = 0
configure:3817: result: yes
configure:3817: checking for sys/stat.h
configure:3817: gcc -c -g -O2  conftest.c >&5
configure:3817: $? = 0
configure:3817: result: yes
configure:3817: checking for stdlib.h
configure:3817: gcc -c -g -O2  conftest.c >&5
configure:3817: $? = 0
configure:3817: result: yes
configure:3817: checking for string.h
configure:3817: gcc -c -g -O2  conftest.c >&5
configure:3817: $? = 0
configure:3817: result: yes
configure:3817: checking for memory.h
configure:3817: gcc -c -g -O2  conftest.c >&5
configure:3817: $? = 0
configure:3817: result: yes
configure:3817: checking for strings.h
configure:3817: gcc -c -g -O2  conftest.c >&5
configure:3817: $? = 0
configure:3817: result: yes
configure:3817: checking for inttypes.h
configure:3817: gcc -c -g -O2  conftest.c >&5
configure:3817: $? = 0
configure:3817: result: yes
configure:3817: checking for stdint.h
configure:3817: gcc -c -g -O2  conftest.c >&5
configure:3817: $? = 0
configure:3817: result: yes
configure:3817: checking for unistd.h
configure:3817: gcc -c -g -O2  conftest.c >&5
configure:3817: $? = 0
configure:3817: result: yes
configure:3833: checking fcntl.h usability
configure:3833: gcc -c -g -O2  conftest.c >&5
configure:3833: $? = 0
configure:3833: result: yes
configure:3833: checking fcntl.h presence
configure:3833: gcc -E  conftest.c
configure:3833: $? = 0
configure:3833: result: yes
configure:3833: checking for fcntl.h
configure:3833: result: yes
configure:3833: checking for string.h
configure:3833: result: yes
configure:3833: checking for unistd.h
configure:3833: result: yes
configure:3846: checking for stdbool.h that conforms to C99
configure:3931: gcc -c -g -O2  conftest.c >&5
configure:3931: $? = 0
configure:3938: result: yes
configure:3940: checking for _Bool
configure:3940: gcc -c -g -O2  conftest.c >&5
configure:3940: $? = 0
configure:3940: gcc -c -g -O2  conftest.c >&5
conftest.c: In function 'main':
conftest.c:58: error: expected expression before ')' token
configure:3940: $? = 1
configure: failed program was:
| /* confdefs.h */
| #define PACKAGE_NAME "Paol-Threads"
| #define PACKAGE_TARNAME "paol-threads"
| #define PACKAGE_VERSION "2.0"
| #define PACKAGE_STRING "Paol-Threads 2.0"
| #define PACKAGE_BUGREPORT "BUG-REPORT-ADDRESS"
| #define PACKAGE_URL ""
| #define STDC_HEADERS 1
| #define HAVE_SYS_TYPES_H 1
| #define HAVE_SYS_STAT_H 1
| #define HAVE_STDLIB_H 1
| #define HAVE_STRING_H 1
| #define HAVE_MEMORY_H 1
| #define HAVE_STRINGS_H 1
| #define HAVE_INTTYPES_H 1
| #define HAVE_STDINT_H 1
| #define HAVE_UNISTD_H 1
| #define HAVE_FCNTL_H 1
| #define HAVE_STRING_H 1
| #define HAVE_UNISTD_H 1
| /* end confdefs.h.  */
| #include <stdio.h>
| #ifdef HAVE_SYS_TYPES_H
| # include <sys/types.h>
| #endif
| #ifdef HAVE_SYS_STAT_H
| # include <sys/stat.h>
| #endif
| #ifdef STDC_HEADERS
| # include <stdlib.h>
| # include <stddef.h>
| #else
| # ifdef HAVE_STDLIB_H
| #  include <stdlib.h>
| # endif
| #endif
| #ifdef HAVE_STRING_H
| # if !defined STDC_HEADERS && defined HAVE_MEMORY_H
| #  include <memory.h>
| # endif
| # include <string.h>
| #endif
| #ifdef HAVE_STRINGS_H
| # include <strings.h>
| #endif
| #ifdef HAVE_INTTYPES_H
| # include <inttypes.h>
| #endif
| #ifdef HAVE_STDINT_H
| # include <stdint.h>
| #endif
| #ifdef HAVE_UNISTD_H
| # include <unistd.h>
| #endif
| int
| main ()
| {
| if (sizeof ((_Bool)))
| 	    return 0;
|   ;
|   return 0;
| }
configure:3940: result: yes
configure:3960: checking for sqrt
configure:3960: gcc -o conftest -g -O2   conftest.c  >&5
conftest.c:47: warning: conflicting types for built-in function 'sqrt'
/tmp/ccik6ZMx.o: In function `main':
/home/diw08/code/paol-threads/2.0/conftest.c:58: undefined reference to `sqrt'
collect2: ld returned 1 exit status
configure:3960: $? = 1
configure: failed program was:
| /* confdefs.h */
| #define PACKAGE_NAME "Paol-Threads"
| #define PACKAGE_TARNAME "paol-threads"
| #define PACKAGE_VERSION "2.0"
| #define PACKAGE_STRING "Paol-Threads 2.0"
| #define PACKAGE_BUGREPORT "BUG-REPORT-ADDRESS"
| #define PACKAGE_URL ""
| #define STDC_HEADERS 1
| #define HAVE_SYS_TYPES_H 1
| #define HAVE_SYS_STAT_H 1
| #define HAVE_STDLIB_H 1
| #define HAVE_STRING_H 1
| #define HAVE_MEMORY_H 1
| #define HAVE_STRINGS_H 1
| #define HAVE_INTTYPES_H 1
| #define HAVE_STDINT_H 1
| #define HAVE_UNISTD_H 1
| #define HAVE_FCNTL_H 1
| #define HAVE_STRING_H 1
| #define HAVE_UNISTD_H 1
| #define HAVE__BOOL 1
| #define HAVE_STDBOOL_H 1
| /* end confdefs.h.  */
| /* Define sqrt to an innocuous variant, in case <limits.h> declares sqrt.
|    For example, HP-UX 11i <limits.h> declares gettimeofday.  */
| #define sqrt innocuous_sqrt
| 
| /* System header to define __stub macros and hopefully few prototypes,
|     which can conflict with char sqrt (); below.
|     Prefer <limits.h> to <assert.h> if __STDC__ is defined, since
|     <limits.h> exists even on freestanding compilers.  */
| 
| #ifdef __STDC__
| # include <limits.h>
| #else
| # include <assert.h>
| #endif
| 
| #undef sqrt
| 
| /* Override any GCC internal prototype to avoid an error.
|    Use char because int might match the return type of a GCC
|    builtin and then its argument prototype would still apply.  */
| #ifdef __cplusplus
| extern "C"
| #endif
| char sqrt ();
| /* The GNU C library defines this for functions which it implements
|     to always fail with ENOSYS.  Some functions are actually named
|     something starting with __ and the normal name is an alias.  */
| #if defined __stub_sqrt || defined __stub___sqrt
| choke me
| #endif
| 
| int
| main ()
| {
| return sqrt ();
|   ;
|   return 0;
| }
configure:3960: result: no
configure:4074: creating ./config.status

## ---------------------- ##
## Running config.status. ##
## ---------------------- ##

This file was extended by Paol-Threads config.status 2.0, which was
generated by GNU Autoconf 2.65.  Invocation command line was

  CONFIG_FILES    = 
  CONFIG_HEADERS  = 
  CONFIG_LINKS    = 
  CONFIG_COMMANDS = 
  $ ./config.status 

on bigred

config.status:814: creating Makefile
config.status:814: creating config.h
config.status:980: config.h is unchanged

## ---------------- ##
## Cache variables. ##
## ---------------- ##

ac_cv_c_compiler_gnu=yes
ac_cv_cxx_compiler_gnu=yes
ac_cv_env_CCC_set=
ac_cv_env_CCC_value=
ac_cv_env_CC_set=
ac_cv_env_CC_value=
ac_cv_env_CFLAGS_set=
ac_cv_env_CFLAGS_value=
ac_cv_env_CPPFLAGS_set=
ac_cv_env_CPPFLAGS_value=
ac_cv_env_CPP_set=
ac_cv_env_CPP_value=
ac_cv_env_CXXFLAGS_set=
ac_cv_env_CXXFLAGS_value=
ac_cv_env_CXX_set=
ac_cv_env_CXX_value=
ac_cv_env_LDFLAGS_set=
ac_cv_env_LDFLAGS_value=
ac_cv_env_LIBS_set=
ac_cv_env_LIBS_value=
ac_cv_env_build_alias_set=
ac_cv_env_build_alias_value=
ac_cv_env_host_alias_set=
ac_cv_env_host_alias_value=
ac_cv_env_target_alias_set=
ac_cv_env_target_alias_value=
ac_cv_func_sqrt=no
ac_cv_header_fcntl_h=yes
ac_cv_header_inttypes_h=yes
ac_cv_header_memory_h=yes
ac_cv_header_stdbool_h=yes
ac_cv_header_stdc=yes
ac_cv_header_stdint_h=yes
ac_cv_header_stdlib_h=yes
ac_cv_header_string_h=yes
ac_cv_header_strings_h=yes
ac_cv_header_sys_stat_h=yes
ac_cv_header_sys_types_h=yes
ac_cv_header_unistd_h=yes
ac_cv_objext=o
ac_cv_path_EGREP='/bin/grep -E'
ac_cv_path_GREP=/bin/grep
ac_cv_path_install='/usr/bin/install -c'
ac_cv_prog_CPP='gcc -E'
ac_cv_prog_ac_ct_CC=gcc
ac_cv_prog_ac_ct_CXX=g++
ac_cv_prog_ac_ct_RANLIB=ranlib
ac_cv_prog_cc_c89=
ac_cv_prog_cc_g=yes
ac_cv_prog_cxx_g=yes
ac_cv_type__Bool=yes

## ----------------- ##
## Output variables. ##
## ----------------- ##

CC='gcc'
CFLAGS='-g -O2'
CPP='gcc -E'
CPPFLAGS=''
CXX='g++'
CXXFLAGS='-g -O2'
DEFS='-DHAVE_CONFIG_H'
ECHO_C=''
ECHO_N='-n'
ECHO_T=''
EGREP='/bin/grep -E'
EXEEXT=''
GREP='/bin/grep'
INSTALL_DATA='${INSTALL} -m 644'
INSTALL_PROGRAM='${INSTALL}'
INSTALL_SCRIPT='${INSTALL}'
LDFLAGS=''
LIBOBJS=''
LIBS=''
LTLIBOBJS=''
OBJEXT='o'
PACKAGE_BUGREPORT='BUG-REPORT-ADDRESS'
PACKAGE_NAME='Paol-Threads'
PACKAGE_STRING='Paol-Threads 2.0'
PACKAGE_TARNAME='paol-threads'
PACKAGE_URL=''
PACKAGE_VERSION='2.0'
PATH_SEPARATOR=':'
RANLIB='ranlib'
SHELL='/bin/bash'
ac_ct_CC='gcc'
ac_ct_CXX='g++'
bindir='${exec_prefix}/bin'
build_alias=''
datadir='${datarootdir}'
datarootdir='${prefix}/share'
docdir='${datarootdir}/doc/${PACKAGE_TARNAME}'
dvidir='${docdir}'
exec_prefix='${prefix}'
host_alias=''
htmldir='${docdir}'
includedir='${prefix}/include'
infodir='${datarootdir}/info'
libdir='${exec_prefix}/lib'
libexecdir='${exec_prefix}/libexec'
localedir='${datarootdir}/locale'
localstatedir='${prefix}/var'
mandir='${datarootdir}/man'
oldincludedir='/usr/include'
pdfdir='${docdir}'
prefix='/usr/local'
program_transform_name='s,x,x,'
psdir='${docdir}'
sbindir='${exec_prefix}/sbin'
sharedstatedir='${prefix}/com'
subdirs=' boost.m4'
sysconfdir='${prefix}/etc'
target_alias=''

## ----------- ##
## confdefs.h. ##
## ----------- ##

/* confdefs.h */
#define PACKAGE_NAME "Paol-Threads"
#define PACKAGE_TARNAME "paol-threads"
#define PACKAGE_VERSION "2.0"
#define PACKAGE_STRING "Paol-Threads 2.0"
#define PACKAGE_BUGREPORT "BUG-REPORT-ADDRESS"
#define PACKAGE_URL ""
#define STDC_HEADERS 1
#define HAVE_SYS_TYPES_H 1
#define HAVE_SYS_STAT_H 1
#define HAVE_STDLIB_H 1
#define HAVE_STRING_H 1
#define HAVE_MEMORY_H 1
#define HAVE_STRINGS_H 1
#define HAVE_INTTYPES_H 1
#define HAVE_STDINT_H 1
#define HAVE_UNISTD_H 1
#define HAVE_FCNTL_H 1
#define HAVE_STRING_H 1
#define HAVE_UNISTD_H 1
#define HAVE__BOOL 1
#define HAVE_STDBOOL_H 1

configure: exit 0
